<?xml version="1.0" encoding="UTF-8"?>
<!-- Generated by org.testng.reporters.JUnitReportReporter -->
<testsuite skipped="0" hostname="PriyankaSahni.local" name="com.qa.testscripts.LoginPageTest" tests="3" failures="0" timestamp="24 Apr 2020 08:35:19 GMT" time="7.422" errors="0">
  <testcase name="loginPageTitleTest" time="0.038" classname="com.qa.testscripts.LoginPageTest"/>
  <testcase name="drupalLogoImageTest" time="0.044" classname="com.qa.testscripts.LoginPageTest"/>
  <testcase name="loginTest" time="7.340" classname="com.qa.testscripts.LoginPageTest"/>
</testsuite> <!-- com.qa.testscripts.LoginPageTest -->
