<?xml version="1.0" encoding="UTF-8"?>
<!-- Generated by org.testng.reporters.JUnitReportReporter -->
<testsuite skipped="0" hostname="PriyankaSahni.local" name="com.qa.testscripts.LoginPageTest" tests="3" failures="0" timestamp="24 Apr 2020 07:31:42 GMT" time="5.943" errors="0">
  <testcase name="loginPageTitleTest" time="0.054" classname="com.qa.testscripts.LoginPageTest"/>
  <testcase name="drupalLogoImageTest" time="0.050" classname="com.qa.testscripts.LoginPageTest"/>
  <testcase name="loginTest" time="5.839" classname="com.qa.testscripts.LoginPageTest"/>
</testsuite> <!-- com.qa.testscripts.LoginPageTest -->
